Building DAG of jobs...
Using shell: /usr/bin/bash
Provided cores: 1 (use --cores to define parallelism)
Rules claiming more threads will be scaled down.
Job stats:
job                             count
----------------------------  -------
default                             1
evaluate_filter_combinations        2
filter_var_type                     1
rename_snp_snv                      1
total                               5

Select jobs to execute...

[Thu Aug 22 06:39:39 2024]
rule evaluate_filter_combinations:
    input: /lustre/scratch126/teams/hgi/vo3_bib/qc/matrixtables/tmp.hard_filters_combs.indel.mt, /lustre/scratch126/teams/hgi/vo3_bib/qc/matrixtables/giab_annotated.ht, /lustre/scratch126/teams/hgi/vo3_bib/qc/annotations/BiB2_trios.txt
    output: /lustre/scratch126/teams/hgi/vo3_bib/qc/matrixtables/a26895bf/evaluation.indel.json
    jobid: 6
    benchmark: /lustre/scratch126/teams/hgi/vo3_bib/qc/stats/benchmark_indel_evaluate_filter_combinations.txt
    reason: Missing output files: /lustre/scratch126/teams/hgi/vo3_bib/qc/matrixtables/a26895bf/evaluation.indel.json
    wildcards: label=indel
    resources: tmpdir=/tmp

Write-protecting output file /lustre/scratch126/teams/hgi/vo3_bib/qc/matrixtables/a26895bf/evaluation.indel.json.
[Thu Aug 22 10:46:34 2024]
Finished job 6.
1 of 5 steps (20%) done
Select jobs to execute...

[Thu Aug 22 10:46:34 2024]
rule filter_var_type:
    input: /lustre/scratch126/teams/hgi/vo3_bib/qc/matrixtables/a26895bf/tmp.hard_filters_combs.mt
    output: /lustre/scratch126/teams/hgi/vo3_bib/qc/matrixtables/tmp.hard_filters_combs.snp.mt
    jobid: 3
    benchmark: /lustre/scratch126/teams/hgi/vo3_bib/qc/stats/benchmark_snp_filter_var_type.txt
    reason: Missing output files: /lustre/scratch126/teams/hgi/vo3_bib/qc/matrixtables/tmp.hard_filters_combs.snp.mt
    wildcards: label=snp
    resources: tmpdir=/tmp

[Thu Aug 22 10:49:24 2024]
Finished job 3.
2 of 5 steps (40%) done
Select jobs to execute...

[Thu Aug 22 10:49:24 2024]
rule evaluate_filter_combinations:
    input: /lustre/scratch126/teams/hgi/vo3_bib/qc/matrixtables/tmp.hard_filters_combs.snp.mt, /lustre/scratch126/teams/hgi/vo3_bib/qc/matrixtables/giab_annotated.ht, /lustre/scratch126/teams/hgi/vo3_bib/qc/annotations/BiB2_trios.txt
    output: /lustre/scratch126/teams/hgi/vo3_bib/qc/matrixtables/a26895bf/evaluation.snp.json
    jobid: 2
    benchmark: /lustre/scratch126/teams/hgi/vo3_bib/qc/stats/benchmark_snp_evaluate_filter_combinations.txt
    reason: Missing output files: /lustre/scratch126/teams/hgi/vo3_bib/qc/matrixtables/a26895bf/evaluation.snp.json; Input files updated by another job: /lustre/scratch126/teams/hgi/vo3_bib/qc/matrixtables/tmp.hard_filters_combs.snp.mt
    wildcards: label=snp
    resources: tmpdir=/tmp

Terminating processes on user request, this might take some time.
Cancelling snakemake on user request.
